<?xml version="1.0" encoding="UTF-8"?>
<coverage generated="1641337427236" clover="3.2.0">
  <project timestamp="1641337427236" name="All files">
    <metrics statements="55" coveredstatements="55" conditionals="8" coveredconditionals="8" methods="12" coveredmethods="12" elements="75" coveredelements="75" complexity="0" loc="55" ncloc="55" packages="2" files="2" classes="2"/>
    <package name="src">
      <metrics statements="43" coveredstatements="43" conditionals="8" coveredconditionals="8" methods="5" coveredmethods="5"/>
      <file name="index.ts" path="/Users/matt/Work/Git/APIHero/json-hero-parser/src/index.ts">
        <metrics statements="43" coveredstatements="43" conditionals="8" coveredconditionals="8" methods="5" coveredmethods="5"/>
        <line num="1" count="1" type="stmt"/>
        <line num="2" count="1" type="stmt"/>
        <line num="4" count="1" type="stmt"/>
        <line num="6" count="1" type="stmt"/>
        <line num="8" count="1" type="stmt"/>
        <line num="9" count="6" type="stmt"/>
        <line num="11" count="6" type="stmt"/>
        <line num="22" count="6" type="stmt"/>
        <line num="23" count="6" type="stmt"/>
        <line num="24" count="6" type="stmt"/>
        <line num="31" count="150" type="stmt"/>
        <line num="40" count="150" type="stmt"/>
        <line num="43" count="150" type="cond" truecount="1" falsecount="0"/>
        <line num="44" count="52" type="stmt"/>
        <line num="45" count="52" type="stmt"/>
        <line num="47" count="52" type="stmt"/>
        <line num="48" count="144" type="stmt"/>
        <line num="49" count="144" type="stmt"/>
        <line num="50" count="144" type="stmt"/>
        <line num="52" count="144" type="stmt"/>
        <line num="53" count="144" type="cond" truecount="1" falsecount="0"/>
        <line num="54" count="75" type="stmt"/>
        <line num="57" count="144" type="stmt"/>
        <line num="63" count="122" type="stmt"/>
        <line num="64" count="122" type="stmt"/>
        <line num="65" count="122" type="stmt"/>
        <line num="67" count="122" type="stmt"/>
        <line num="74" count="122" type="stmt"/>
        <line num="76" count="122" type="stmt"/>
        <line num="77" count="616" type="cond" truecount="1" falsecount="0"/>
        <line num="78" count="76" type="stmt"/>
        <line num="79" count="76" type="stmt"/>
        <line num="81" count="76" type="cond" truecount="2" falsecount="0"/>
        <line num="82" count="47" type="stmt"/>
        <line num="83" count="47" type="cond" truecount="1" falsecount="0"/>
        <line num="84" count="47" type="stmt"/>
        <line num="87" count="47" type="stmt"/>
        <line num="89" count="29" type="stmt"/>
        <line num="90" count="69" type="stmt"/>
        <line num="91" count="69" type="stmt"/>
        <line num="92" count="69" type="stmt"/>
        <line num="94" count="69" type="stmt"/>
        <line num="102" count="766" type="cond" truecount="2" falsecount="0"/>
      </file>
    </package>
    <package name="src.naming">
      <metrics statements="12" coveredstatements="12" conditionals="0" coveredconditionals="0" methods="7" coveredmethods="7"/>
      <file name="naming.ts" path="/Users/matt/Work/Git/APIHero/json-hero-parser/src/naming/naming.ts">
        <metrics statements="12" coveredstatements="12" conditionals="0" coveredconditionals="0" methods="7" coveredmethods="7"/>
        <line num="1" count="2" type="stmt"/>
        <line num="2" count="276" type="stmt"/>
        <line num="3" count="276" type="stmt"/>
        <line num="4" count="276" type="stmt"/>
        <line num="5" count="276" type="stmt"/>
        <line num="6" count="276" type="stmt"/>
        <line num="10" count="276" type="stmt"/>
        <line num="18" count="276" type="stmt"/>
        <line num="26" count="276" type="stmt"/>
        <line num="34" count="276" type="stmt"/>
        <line num="38" count="7" type="stmt"/>
        <line num="42" count="276" type="stmt"/>
      </file>
    </package>
  </project>
</coverage>
