{"/Users/matt/Work/Git/APIHero/json-hero-parser/src/index.ts": {"path":"/Users/matt/Work/Git/APIHero/json-hero-parser/src/index.ts","statementMap":{"0":{"start":{"line":1,"column":0},"end":{"line":1,"column":46}},"1":{"start":{"line":2,"column":0},"end":{"line":2,"column":55}},"2":{"start":{"line":4,"column":0},"end":{"line":4,"column":88}},"3":{"start":{"line":6,"column":0},"end":{"line":6,"column":47}},"4":{"start":{"line":9,"column":19},"end":{"line":9,"column":22}},"5":{"start":{"line":11,"column":37},"end":{"line":20,"column":4}},"6":{"start":{"line":22,"column":2},"end":{"line":22,"column":71}},"7":{"start":{"line":23,"column":2},"end":{"line":23,"column":78}},"8":{"start":{"line":24,"column":2},"end":{"line":24,"column":22}},"9":{"start":{"line":8,"column":0},"end":{"line":8,"column":16}},"10":{"start":{"line":31,"column":31},"end":{"line":38,"column":4}},"11":{"start":{"line":40,"column":2},"end":{"line":40,"column":36}},"12":{"start":{"line":43,"column":2},"end":{"line":59,"column":null}},"13":{"start":{"line":44,"column":23},"end":{"line":44,"column":45}},"14":{"start":{"line":45,"column":4},"end":{"line":45,"column":28}},"15":{"start":{"line":47,"column":4},"end":{"line":58,"column":null}},"16":{"start":{"line":48,"column":20},"end":{"line":48,"column":31}},"17":{"start":{"line":49,"column":24},"end":{"line":49,"column":56}},"18":{"start":{"line":50,"column":6},"end":{"line":50,"column":41}},"19":{"start":{"line":52,"column":22},"end":{"line":52,"column":25}},"20":{"start":{"line":53,"column":6},"end":{"line":55,"column":null}},"21":{"start":{"line":54,"column":8},"end":{"line":54,"column":37}},"22":{"start":{"line":57,"column":6},"end":{"line":57,"column":67}},"23":{"start":{"line":63,"column":19},"end":{"line":63,"column":41}},"24":{"start":{"line":64,"column":18},"end":{"line":64,"column":42}},"25":{"start":{"line":65,"column":21},"end":{"line":65,"column":105}},"26":{"start":{"line":67,"column":39},"end":{"line":73,"column":4}},"27":{"start":{"line":74,"column":2},"end":{"line":74,"column":44}},"28":{"start":{"line":76,"column":2},"end":{"line":98,"column":5}},"29":{"start":{"line":77,"column":4},"end":{"line":97,"column":null}},"30":{"start":{"line":78,"column":25},"end":{"line":78,"column":47}},"31":{"start":{"line":79,"column":6},"end":{"line":79,"column":34}},"32":{"start":{"line":81,"column":6},"end":{"line":96,"column":null}},"33":{"start":{"line":82,"column":31},"end":{"line":82,"column":63}},"34":{"start":{"line":83,"column":8},"end":{"line":85,"column":null}},"35":{"start":{"line":84,"column":10},"end":{"line":84,"column":54}},"36":{"start":{"line":87,"column":8},"end":{"line":87,"column":82}},"37":{"start":{"line":89,"column":8},"end":{"line":95,"column":null}},"38":{"start":{"line":90,"column":24},"end":{"line":90,"column":35}},"39":{"start":{"line":91,"column":28},"end":{"line":91,"column":60}},"40":{"start":{"line":92,"column":10},"end":{"line":92,"column":49}},"41":{"start":{"line":94,"column":10},"end":{"line":94,"column":78}},"42":{"start":{"line":102,"column":2},"end":{"line":102,"column":57}}},"fnMap":{"0":{"name":"parse","decl":{"start":{"line":8,"column":16},"end":{"line":8,"column":21}},"loc":{"start":{"line":8,"column":33},"end":{"line":25,"column":1}}},"1":{"name":"buildValueTree","decl":{"start":{"line":30,"column":9},"end":{"line":30,"column":23}},"loc":{"start":{"line":30,"column":97},"end":{"line":60,"column":1}}},"2":{"name":"buildStructureTree","decl":{"start":{"line":62,"column":9},"end":{"line":62,"column":27}},"loc":{"start":{"line":62,"column":113},"end":{"line":99,"column":1}}},"3":{"name":"(anonymous_3)","decl":{"start":{"line":76,"column":18},"end":{"line":76,"column":19}},"loc":{"start":{"line":76,"column":25},"end":{"line":98,"column":3}}},"4":{"name":"isCollection","decl":{"start":{"line":101,"column":9},"end":{"line":101,"column":21}},"loc":{"start":{"line":101,"column":41},"end":{"line":103,"column":1}}}},"branchMap":{"0":{"loc":{"start":{"line":43,"column":2},"end":{"line":59,"column":null}},"type":"if","locations":[{"start":{"line":43,"column":2},"end":{"line":59,"column":null}}]},"1":{"loc":{"start":{"line":53,"column":6},"end":{"line":55,"column":null}},"type":"if","locations":[{"start":{"line":53,"column":6},"end":{"line":55,"column":null}}]},"2":{"loc":{"start":{"line":77,"column":4},"end":{"line":97,"column":null}},"type":"if","locations":[{"start":{"line":77,"column":4},"end":{"line":97,"column":null}}]},"3":{"loc":{"start":{"line":81,"column":6},"end":{"line":96,"column":null}},"type":"if","locations":[{"start":{"line":81,"column":6},"end":{"line":96,"column":null}},{"start":{"line":88,"column":13},"end":{"line":96,"column":null}}]},"4":{"loc":{"start":{"line":83,"column":8},"end":{"line":85,"column":null}},"type":"if","locations":[{"start":{"line":83,"column":8},"end":{"line":85,"column":null}}]},"5":{"loc":{"start":{"line":102,"column":9},"end":{"line":102,"column":56}},"type":"binary-expr","locations":[{"start":{"line":102,"column":9},"end":{"line":102,"column":30}},{"start":{"line":102,"column":34},"end":{"line":102,"column":56}}]}},"s":{"0":1,"1":1,"2":1,"3":1,"4":6,"5":6,"6":6,"7":6,"8":6,"9":1,"10":150,"11":150,"12":150,"13":52,"14":52,"15":52,"16":144,"17":144,"18":144,"19":144,"20":144,"21":75,"22":144,"23":122,"24":122,"25":122,"26":122,"27":122,"28":122,"29":616,"30":76,"31":76,"32":76,"33":47,"34":47,"35":47,"36":47,"37":29,"38":69,"39":69,"40":69,"41":69,"42":766},"f":{"0":6,"1":150,"2":122,"3":616,"4":766},"b":{"0":[52],"1":[75],"2":[76],"3":[47,29],"4":[47],"5":[766,696]}}
,"/Users/matt/Work/Git/APIHero/json-hero-parser/src/naming/naming.ts": {"path":"/Users/matt/Work/Git/APIHero/json-hero-parser/src/naming/naming.ts","statementMap":{"0":{"start":{"line":2,"column":2},"end":{"line":2,"column":25}},"1":{"start":{"line":3,"column":2},"end":{"line":3,"column":24}},"2":{"start":{"line":4,"column":2},"end":{"line":4,"column":25}},"3":{"start":{"line":5,"column":2},"end":{"line":5,"column":27}},"4":{"start":{"line":6,"column":2},"end":{"line":6,"column":14}},"5":{"start":{"line":1,"column":0},"end":{"line":1,"column":16}},"6":{"start":{"line":10,"column":2},"end":{"line":14,"column":4}},"7":{"start":{"line":18,"column":2},"end":{"line":22,"column":4}},"8":{"start":{"line":26,"column":2},"end":{"line":30,"column":4}},"9":{"start":{"line":34,"column":2},"end":{"line":44,"column":4}},"10":{"start":{"line":38,"column":8},"end":{"line":38,"column":33}},"11":{"start":{"line":42,"column":8},"end":{"line":42,"column":33}}},"fnMap":{"0":{"name":"friendlyName","decl":{"start":{"line":1,"column":16},"end":{"line":1,"column":28}},"loc":{"start":{"line":1,"column":41},"end":{"line":7,"column":1}}},"1":{"name":"camelCase","decl":{"start":{"line":9,"column":9},"end":{"line":9,"column":18}},"loc":{"start":{"line":9,"column":31},"end":{"line":15,"column":1}}},"2":{"name":"snakeCase","decl":{"start":{"line":17,"column":9},"end":{"line":17,"column":18}},"loc":{"start":{"line":17,"column":31},"end":{"line":23,"column":1}}},"3":{"name":"dashCase","decl":{"start":{"line":25,"column":9},"end":{"line":25,"column":17}},"loc":{"start":{"line":25,"column":30},"end":{"line":31,"column":1}}},"4":{"name":"toTitleCase","decl":{"start":{"line":33,"column":9},"end":{"line":33,"column":20}},"loc":{"start":{"line":33,"column":33},"end":{"line":45,"column":1}}},"5":{"name":"(anonymous_5)","decl":{"start":{"line":37,"column":28},"end":{"line":37,"column":38}},"loc":{"start":{"line":37,"column":41},"end":{"line":39,"column":7}}},"6":{"name":"(anonymous_6)","decl":{"start":{"line":41,"column":21},"end":{"line":41,"column":31}},"loc":{"start":{"line":41,"column":34},"end":{"line":43,"column":7}}}},"branchMap":{},"s":{"0":276,"1":276,"2":276,"3":276,"4":276,"5":2,"6":276,"7":276,"8":276,"9":276,"10":7,"11":276},"f":{"0":276,"1":276,"2":276,"3":276,"4":276,"5":7,"6":276},"b":{}}
}
