TN:
SF:src/index.ts
FN:8,parse
FN:30,buildValueTree
FN:62,buildStructureTree
FN:76,(anonymous_3)
FN:101,isCollection
FNF:5
FNH:5
FNDA:6,parse
FNDA:150,buildValueTree
FNDA:122,buildStructureTree
FNDA:616,(anonymous_3)
FNDA:766,isCollection
DA:1,1
DA:2,1
DA:4,1
DA:6,1
DA:8,1
DA:9,6
DA:11,6
DA:22,6
DA:23,6
DA:24,6
DA:31,150
DA:40,150
DA:43,150
DA:44,52
DA:45,52
DA:47,52
DA:48,144
DA:49,144
DA:50,144
DA:52,144
DA:53,144
DA:54,75
DA:57,144
DA:63,122
DA:64,122
DA:65,122
DA:67,122
DA:74,122
DA:76,122
DA:77,616
DA:78,76
DA:79,76
DA:81,76
DA:82,47
DA:83,47
DA:84,47
DA:87,47
DA:89,29
DA:90,69
DA:91,69
DA:92,69
DA:94,69
DA:102,766
LF:43
LH:43
BRDA:43,0,0,52
BRDA:53,1,0,75
BRDA:77,2,0,76
BRDA:81,3,0,47
BRDA:81,3,1,29
BRDA:83,4,0,47
BRDA:102,5,0,766
BRDA:102,5,1,696
BRF:8
BRH:8
end_of_record
TN:
SF:src/naming/naming.ts
FN:1,friendlyName
FN:9,camelCase
FN:17,snakeCase
FN:25,dashCase
FN:33,toTitleCase
FN:37,(anonymous_5)
FN:41,(anonymous_6)
FNF:7
FNH:7
FNDA:276,friendlyName
FNDA:276,camelCase
FNDA:276,snakeCase
FNDA:276,dashCase
FNDA:276,toTitleCase
FNDA:7,(anonymous_5)
FNDA:276,(anonymous_6)
DA:1,2
DA:2,276
DA:3,276
DA:4,276
DA:5,276
DA:6,276
DA:10,276
DA:18,276
DA:26,276
DA:34,276
DA:38,7
DA:42,276
LF:12
LH:12
BRF:0
BRH:0
end_of_record
